<?xml version="1.0" encoding="UTF-8"?>
<!-- Generated by org.testng.reporters.JUnitReportReporter -->
<testsuite skipped="0" hostname="Ibrahims-MBP" name="com.qa.DarkSky.test.MainPageTest" tests="5" failures="0" timestamp="2020-11-01T09:50:10 EST" time="0.359" errors="0">
  <testcase name="verifyHomePageTitle" time="0.009" classname="com.qa.DarkSky.test.MainPageTest"/>
  <system-out/>
  <testcase name="verifyUrl" time="0.005" classname="com.qa.DarkSky.test.MainPageTest"/>
  <system-out/>
  <testcase name="getLow" time="0.111" classname="com.qa.DarkSky.test.MainPageTest"/>
  <system-out/>
  <testcase name="getHigh" time="0.086" classname="com.qa.DarkSky.test.MainPageTest"/>
  <system-out/>
  <testcase name="getHeader" time="0.148" classname="com.qa.DarkSky.test.MainPageTest"/>
  <system-out/>
</testsuite> <!-- com.qa.DarkSky.test.MainPageTest -->
